thirdpartys/analyticslib/build/intermediates/manifest_merge_blame_file/debug/manifest-merger-blame-debug-report.txt
1<?xml version="1.0" encoding="utf-8"?>
2<manifest xmlns:android="http://schemas.android.com/apk/res/android"
3    package="com.dubizzle.analyticslib" >
4
5    <uses-sdk
6        android:minSdkVersion="25"
6-->src/main/AndroidManifest.xml
7        android:targetSdkVersion="30" />
7-->src/main/AndroidManifest.xml
8
9    <uses-permission android:name="android.permission.ACCESS_NETWORK_STATE" />
9-->src/main/AndroidManifest.xml:5:5-79
9-->src/main/AndroidManifest.xml:5:22-76
10    <uses-permission android:name="android.permission.INTERNET" />
10-->src/main/AndroidManifest.xml:6:5-67
10-->src/main/AndroidManifest.xml:6:22-64
11    <uses-permission android:name="android.permission.WAKE_LOCK" />
11-->src/main/AndroidManifest.xml:7:5-68
11-->src/main/AndroidManifest.xml:7:22-65
12
13</manifest>